==14263== Memcheck, a memory error detector
==14263== Copyright (C) 2002-2017, and GNU GPL'd, by Julian Seward et al.
==14263== Using Valgrind-3.18.1 and LibVEX; rerun with -h for copyright info
==14263== Command: ./free_lang
==14263== Parent PID: 7062
==14263== 
==14263== Invalid read of size 1
==14263==    at 0x484ED16: strlen (in /usr/libexec/valgrind/vgpreload_memcheck-amd64-linux.so)
==14263==    by 0x48E0DB0: __vfprintf_internal (vfprintf-internal.c:1517)
==14263==    by 0x48EBA08: __vsprintf_internal (iovsprintf.c:95)
==14263==    by 0x48CA9A7: sprintf (sprintf.c:30)
==14263==    by 0x10BD8F: oper(Node const*) (in /home/timasok/progs/free_lang/free_lang)
==14263==    by 0x10BC2E: findNext(Node const*, int (*)(Node const*)) (in /home/timasok/progs/free_lang/free_lang)
==14263==    by 0x10BC5C: findNext(Node const*, int (*)(Node const*)) (in /home/timasok/progs/free_lang/free_lang)
==14263==    by 0x10BF8D: makeDot(Node const*) (in /home/timasok/progs/free_lang/free_lang)
==14263==    by 0x10C035: treeDump(Node const*, char const*, char const*, char const*, int) (in /home/timasok/progs/free_lang/free_lang)
==14263==    by 0x10982C: translateLanguage(char const*, char const*) (in /home/timasok/progs/free_lang/free_lang)
==14263==    by 0x109658: main (in /home/timasok/progs/free_lang/free_lang)
==14263==  Address 0x4a99b10 is 0 bytes inside a block of size 4 free'd
==14263==    at 0x484B27F: free (in /usr/libexec/valgrind/vgpreload_memcheck-amd64-linux.so)
==14263==    by 0x10C128: varDtor(Var_t) (in /home/timasok/progs/free_lang/free_lang)
==14263==    by 0x10A489: tokenDtor(Token*) (in /home/timasok/progs/free_lang/free_lang)
==14263==    by 0x10AB50: programTokensDtor(Program_tokens*) (in /home/timasok/progs/free_lang/free_lang)
==14263==    by 0x109802: translateLanguage(char const*, char const*) (in /home/timasok/progs/free_lang/free_lang)
==14263==    by 0x109658: main (in /home/timasok/progs/free_lang/free_lang)
==14263==  Block was alloc'd at
==14263==    at 0x4848899: malloc (in /usr/libexec/valgrind/vgpreload_memcheck-amd64-linux.so)
==14263==    by 0x491260E: strdup (strdup.c:42)
==14263==    by 0x10A436: tokenCtor(char const*) (in /home/timasok/progs/free_lang/free_lang)
==14263==    by 0x10A756: programTokensCtor(char const*, Program_tokens*) (in /home/timasok/progs/free_lang/free_lang)
==14263==    by 0x1097DA: translateLanguage(char const*, char const*) (in /home/timasok/progs/free_lang/free_lang)
==14263==    by 0x109658: main (in /home/timasok/progs/free_lang/free_lang)
==14263== 
==14263== Invalid read of size 1
==14263==    at 0x484ED24: strlen (in /usr/libexec/valgrind/vgpreload_memcheck-amd64-linux.so)
==14263==    by 0x48E0DB0: __vfprintf_internal (vfprintf-internal.c:1517)
==14263==    by 0x48EBA08: __vsprintf_internal (iovsprintf.c:95)
==14263==    by 0x48CA9A7: sprintf (sprintf.c:30)
==14263==    by 0x10BD8F: oper(Node const*) (in /home/timasok/progs/free_lang/free_lang)
==14263==    by 0x10BC2E: findNext(Node const*, int (*)(Node const*)) (in /home/timasok/progs/free_lang/free_lang)
==14263==    by 0x10BC5C: findNext(Node const*, int (*)(Node const*)) (in /home/timasok/progs/free_lang/free_lang)
==14263==    by 0x10BF8D: makeDot(Node const*) (in /home/timasok/progs/free_lang/free_lang)
==14263==    by 0x10C035: treeDump(Node const*, char const*, char const*, char const*, int) (in /home/timasok/progs/free_lang/free_lang)
==14263==    by 0x10982C: translateLanguage(char const*, char const*) (in /home/timasok/progs/free_lang/free_lang)
==14263==    by 0x109658: main (in /home/timasok/progs/free_lang/free_lang)
==14263==  Address 0x4a99b11 is 1 bytes inside a block of size 4 free'd
==14263==    at 0x484B27F: free (in /usr/libexec/valgrind/vgpreload_memcheck-amd64-linux.so)
==14263==    by 0x10C128: varDtor(Var_t) (in /home/timasok/progs/free_lang/free_lang)
==14263==    by 0x10A489: tokenDtor(Token*) (in /home/timasok/progs/free_lang/free_lang)
==14263==    by 0x10AB50: programTokensDtor(Program_tokens*) (in /home/timasok/progs/free_lang/free_lang)
==14263==    by 0x109802: translateLanguage(char const*, char const*) (in /home/timasok/progs/free_lang/free_lang)
==14263==    by 0x109658: main (in /home/timasok/progs/free_lang/free_lang)
==14263==  Block was alloc'd at
==14263==    at 0x4848899: malloc (in /usr/libexec/valgrind/vgpreload_memcheck-amd64-linux.so)
==14263==    by 0x491260E: strdup (strdup.c:42)
==14263==    by 0x10A436: tokenCtor(char const*) (in /home/timasok/progs/free_lang/free_lang)
==14263==    by 0x10A756: programTokensCtor(char const*, Program_tokens*) (in /home/timasok/progs/free_lang/free_lang)
==14263==    by 0x1097DA: translateLanguage(char const*, char const*) (in /home/timasok/progs/free_lang/free_lang)
==14263==    by 0x109658: main (in /home/timasok/progs/free_lang/free_lang)
==14263== 
==14263== Invalid read of size 1
==14263==    at 0x48F8030: _IO_default_xsputn (genops.c:394)
==14263==    by 0x48F8030: _IO_default_xsputn (genops.c:370)
==14263==    by 0x48E108B: outstring_func (vfprintf-internal.c:239)
==14263==    by 0x48E108B: __vfprintf_internal (vfprintf-internal.c:1517)
==14263==    by 0x48EBA08: __vsprintf_internal (iovsprintf.c:95)
==14263==    by 0x48CA9A7: sprintf (sprintf.c:30)
==14263==    by 0x10BD8F: oper(Node const*) (in /home/timasok/progs/free_lang/free_lang)
==14263==    by 0x10BC2E: findNext(Node const*, int (*)(Node const*)) (in /home/timasok/progs/free_lang/free_lang)
==14263==    by 0x10BC5C: findNext(Node const*, int (*)(Node const*)) (in /home/timasok/progs/free_lang/free_lang)
==14263==    by 0x10BF8D: makeDot(Node const*) (in /home/timasok/progs/free_lang/free_lang)
==14263==    by 0x10C035: treeDump(Node const*, char const*, char const*, char const*, int) (in /home/timasok/progs/free_lang/free_lang)
==14263==    by 0x10982C: translateLanguage(char const*, char const*) (in /home/timasok/progs/free_lang/free_lang)
==14263==    by 0x109658: main (in /home/timasok/progs/free_lang/free_lang)
==14263==  Address 0x4a99b10 is 0 bytes inside a block of size 4 free'd
==14263==    at 0x484B27F: free (in /usr/libexec/valgrind/vgpreload_memcheck-amd64-linux.so)
==14263==    by 0x10C128: varDtor(Var_t) (in /home/timasok/progs/free_lang/free_lang)
==14263==    by 0x10A489: tokenDtor(Token*) (in /home/timasok/progs/free_lang/free_lang)
==14263==    by 0x10AB50: programTokensDtor(Program_tokens*) (in /home/timasok/progs/free_lang/free_lang)
==14263==    by 0x109802: translateLanguage(char const*, char const*) (in /home/timasok/progs/free_lang/free_lang)
==14263==    by 0x109658: main (in /home/timasok/progs/free_lang/free_lang)
==14263==  Block was alloc'd at
==14263==    at 0x4848899: malloc (in /usr/libexec/valgrind/vgpreload_memcheck-amd64-linux.so)
==14263==    by 0x491260E: strdup (strdup.c:42)
==14263==    by 0x10A436: tokenCtor(char const*) (in /home/timasok/progs/free_lang/free_lang)
==14263==    by 0x10A756: programTokensCtor(char const*, Program_tokens*) (in /home/timasok/progs/free_lang/free_lang)
==14263==    by 0x1097DA: translateLanguage(char const*, char const*) (in /home/timasok/progs/free_lang/free_lang)
==14263==    by 0x109658: main (in /home/timasok/progs/free_lang/free_lang)
==14263== 
==14263== Invalid read of size 1
==14263==    at 0x48F803E: _IO_default_xsputn (genops.c:393)
==14263==    by 0x48F803E: _IO_default_xsputn (genops.c:370)
==14263==    by 0x48E108B: outstring_func (vfprintf-internal.c:239)
==14263==    by 0x48E108B: __vfprintf_internal (vfprintf-internal.c:1517)
==14263==    by 0x48EBA08: __vsprintf_internal (iovsprintf.c:95)
==14263==    by 0x48CA9A7: sprintf (sprintf.c:30)
==14263==    by 0x10BD8F: oper(Node const*) (in /home/timasok/progs/free_lang/free_lang)
==14263==    by 0x10BC2E: findNext(Node const*, int (*)(Node const*)) (in /home/timasok/progs/free_lang/free_lang)
==14263==    by 0x10BC5C: findNext(Node const*, int (*)(Node const*)) (in /home/timasok/progs/free_lang/free_lang)
==14263==    by 0x10BF8D: makeDot(Node const*) (in /home/timasok/progs/free_lang/free_lang)
==14263==    by 0x10C035: treeDump(Node const*, char const*, char const*, char const*, int) (in /home/timasok/progs/free_lang/free_lang)
==14263==    by 0x10982C: translateLanguage(char const*, char const*) (in /home/timasok/progs/free_lang/free_lang)
==14263==    by 0x109658: main (in /home/timasok/progs/free_lang/free_lang)
==14263==  Address 0x4a99b12 is 2 bytes inside a block of size 4 free'd
==14263==    at 0x484B27F: free (in /usr/libexec/valgrind/vgpreload_memcheck-amd64-linux.so)
==14263==    by 0x10C128: varDtor(Var_t) (in /home/timasok/progs/free_lang/free_lang)
==14263==    by 0x10A489: tokenDtor(Token*) (in /home/timasok/progs/free_lang/free_lang)
==14263==    by 0x10AB50: programTokensDtor(Program_tokens*) (in /home/timasok/progs/free_lang/free_lang)
==14263==    by 0x109802: translateLanguage(char const*, char const*) (in /home/timasok/progs/free_lang/free_lang)
==14263==    by 0x109658: main (in /home/timasok/progs/free_lang/free_lang)
==14263==  Block was alloc'd at
==14263==    at 0x4848899: malloc (in /usr/libexec/valgrind/vgpreload_memcheck-amd64-linux.so)
==14263==    by 0x491260E: strdup (strdup.c:42)
==14263==    by 0x10A436: tokenCtor(char const*) (in /home/timasok/progs/free_lang/free_lang)
==14263==    by 0x10A756: programTokensCtor(char const*, Program_tokens*) (in /home/timasok/progs/free_lang/free_lang)
==14263==    by 0x1097DA: translateLanguage(char const*, char const*) (in /home/timasok/progs/free_lang/free_lang)
==14263==    by 0x109658: main (in /home/timasok/progs/free_lang/free_lang)
==14263== 
==14263== Invalid read of size 1
==14263==    at 0x484ED16: strlen (in /usr/libexec/valgrind/vgpreload_memcheck-amd64-linux.so)
==14263==    by 0x48E0DB0: __vfprintf_internal (vfprintf-internal.c:1517)
==14263==    by 0x48CA81E: printf (printf.c:33)
==14263==    by 0x10D24B: printIn(Node const*) (in /home/timasok/progs/free_lang/free_lang)
==14263==    by 0x10D1DC: printIn(Node const*) (in /home/timasok/progs/free_lang/free_lang)
==14263==    by 0x109838: translateLanguage(char const*, char const*) (in /home/timasok/progs/free_lang/free_lang)
==14263==    by 0x109658: main (in /home/timasok/progs/free_lang/free_lang)
==14263==  Address 0x4a99b10 is 0 bytes inside a block of size 4 free'd
==14263==    at 0x484B27F: free (in /usr/libexec/valgrind/vgpreload_memcheck-amd64-linux.so)
==14263==    by 0x10C128: varDtor(Var_t) (in /home/timasok/progs/free_lang/free_lang)
==14263==    by 0x10A489: tokenDtor(Token*) (in /home/timasok/progs/free_lang/free_lang)
==14263==    by 0x10AB50: programTokensDtor(Program_tokens*) (in /home/timasok/progs/free_lang/free_lang)
==14263==    by 0x109802: translateLanguage(char const*, char const*) (in /home/timasok/progs/free_lang/free_lang)
==14263==    by 0x109658: main (in /home/timasok/progs/free_lang/free_lang)
==14263==  Block was alloc'd at
==14263==    at 0x4848899: malloc (in /usr/libexec/valgrind/vgpreload_memcheck-amd64-linux.so)
==14263==    by 0x491260E: strdup (strdup.c:42)
==14263==    by 0x10A436: tokenCtor(char const*) (in /home/timasok/progs/free_lang/free_lang)
==14263==    by 0x10A756: programTokensCtor(char const*, Program_tokens*) (in /home/timasok/progs/free_lang/free_lang)
==14263==    by 0x1097DA: translateLanguage(char const*, char const*) (in /home/timasok/progs/free_lang/free_lang)
==14263==    by 0x109658: main (in /home/timasok/progs/free_lang/free_lang)
==14263== 
==14263== Invalid read of size 1
==14263==    at 0x484ED24: strlen (in /usr/libexec/valgrind/vgpreload_memcheck-amd64-linux.so)
==14263==    by 0x48E0DB0: __vfprintf_internal (vfprintf-internal.c:1517)
==14263==    by 0x48CA81E: printf (printf.c:33)
==14263==    by 0x10D24B: printIn(Node const*) (in /home/timasok/progs/free_lang/free_lang)
==14263==    by 0x10D1DC: printIn(Node const*) (in /home/timasok/progs/free_lang/free_lang)
==14263==    by 0x109838: translateLanguage(char const*, char const*) (in /home/timasok/progs/free_lang/free_lang)
==14263==    by 0x109658: main (in /home/timasok/progs/free_lang/free_lang)
==14263==  Address 0x4a99b11 is 1 bytes inside a block of size 4 free'd
==14263==    at 0x484B27F: free (in /usr/libexec/valgrind/vgpreload_memcheck-amd64-linux.so)
==14263==    by 0x10C128: varDtor(Var_t) (in /home/timasok/progs/free_lang/free_lang)
==14263==    by 0x10A489: tokenDtor(Token*) (in /home/timasok/progs/free_lang/free_lang)
==14263==    by 0x10AB50: programTokensDtor(Program_tokens*) (in /home/timasok/progs/free_lang/free_lang)
==14263==    by 0x109802: translateLanguage(char const*, char const*) (in /home/timasok/progs/free_lang/free_lang)
==14263==    by 0x109658: main (in /home/timasok/progs/free_lang/free_lang)
==14263==  Block was alloc'd at
==14263==    at 0x4848899: malloc (in /usr/libexec/valgrind/vgpreload_memcheck-amd64-linux.so)
==14263==    by 0x491260E: strdup (strdup.c:42)
==14263==    by 0x10A436: tokenCtor(char const*) (in /home/timasok/progs/free_lang/free_lang)
==14263==    by 0x10A756: programTokensCtor(char const*, Program_tokens*) (in /home/timasok/progs/free_lang/free_lang)
==14263==    by 0x1097DA: translateLanguage(char const*, char const*) (in /home/timasok/progs/free_lang/free_lang)
==14263==    by 0x109658: main (in /home/timasok/progs/free_lang/free_lang)
==14263== 
==14263== Invalid read of size 1
==14263==    at 0x48F57B4: _IO_new_file_xsputn (fileops.c:1218)
==14263==    by 0x48F57B4: _IO_file_xsputn@@GLIBC_2.2.5 (fileops.c:1196)
==14263==    by 0x48E108B: outstring_func (vfprintf-internal.c:239)
==14263==    by 0x48E108B: __vfprintf_internal (vfprintf-internal.c:1517)
==14263==    by 0x48CA81E: printf (printf.c:33)
==14263==    by 0x10D24B: printIn(Node const*) (in /home/timasok/progs/free_lang/free_lang)
==14263==    by 0x10D1DC: printIn(Node const*) (in /home/timasok/progs/free_lang/free_lang)
==14263==    by 0x109838: translateLanguage(char const*, char const*) (in /home/timasok/progs/free_lang/free_lang)
==14263==    by 0x109658: main (in /home/timasok/progs/free_lang/free_lang)
==14263==  Address 0x4a99b12 is 2 bytes inside a block of size 4 free'd
==14263==    at 0x484B27F: free (in /usr/libexec/valgrind/vgpreload_memcheck-amd64-linux.so)
==14263==    by 0x10C128: varDtor(Var_t) (in /home/timasok/progs/free_lang/free_lang)
==14263==    by 0x10A489: tokenDtor(Token*) (in /home/timasok/progs/free_lang/free_lang)
==14263==    by 0x10AB50: programTokensDtor(Program_tokens*) (in /home/timasok/progs/free_lang/free_lang)
==14263==    by 0x109802: translateLanguage(char const*, char const*) (in /home/timasok/progs/free_lang/free_lang)
==14263==    by 0x109658: main (in /home/timasok/progs/free_lang/free_lang)
==14263==  Block was alloc'd at
==14263==    at 0x4848899: malloc (in /usr/libexec/valgrind/vgpreload_memcheck-amd64-linux.so)
==14263==    by 0x491260E: strdup (strdup.c:42)
==14263==    by 0x10A436: tokenCtor(char const*) (in /home/timasok/progs/free_lang/free_lang)
==14263==    by 0x10A756: programTokensCtor(char const*, Program_tokens*) (in /home/timasok/progs/free_lang/free_lang)
==14263==    by 0x1097DA: translateLanguage(char const*, char const*) (in /home/timasok/progs/free_lang/free_lang)
==14263==    by 0x109658: main (in /home/timasok/progs/free_lang/free_lang)
==14263== 
==14263== Invalid read of size 1
==14263==    at 0x48534C8: mempcpy (in /usr/libexec/valgrind/vgpreload_memcheck-amd64-linux.so)
==14263==    by 0x48F56E4: _IO_new_file_xsputn (fileops.c:1235)
==14263==    by 0x48F56E4: _IO_file_xsputn@@GLIBC_2.2.5 (fileops.c:1196)
==14263==    by 0x48E108B: outstring_func (vfprintf-internal.c:239)
==14263==    by 0x48E108B: __vfprintf_internal (vfprintf-internal.c:1517)
==14263==    by 0x48CA81E: printf (printf.c:33)
==14263==    by 0x10D24B: printIn(Node const*) (in /home/timasok/progs/free_lang/free_lang)
==14263==    by 0x10D1DC: printIn(Node const*) (in /home/timasok/progs/free_lang/free_lang)
==14263==    by 0x109838: translateLanguage(char const*, char const*) (in /home/timasok/progs/free_lang/free_lang)
==14263==    by 0x109658: main (in /home/timasok/progs/free_lang/free_lang)
==14263==  Address 0x4a99b12 is 2 bytes inside a block of size 4 free'd
==14263==    at 0x484B27F: free (in /usr/libexec/valgrind/vgpreload_memcheck-amd64-linux.so)
==14263==    by 0x10C128: varDtor(Var_t) (in /home/timasok/progs/free_lang/free_lang)
==14263==    by 0x10A489: tokenDtor(Token*) (in /home/timasok/progs/free_lang/free_lang)
==14263==    by 0x10AB50: programTokensDtor(Program_tokens*) (in /home/timasok/progs/free_lang/free_lang)
==14263==    by 0x109802: translateLanguage(char const*, char const*) (in /home/timasok/progs/free_lang/free_lang)
==14263==    by 0x109658: main (in /home/timasok/progs/free_lang/free_lang)
==14263==  Block was alloc'd at
==14263==    at 0x4848899: malloc (in /usr/libexec/valgrind/vgpreload_memcheck-amd64-linux.so)
==14263==    by 0x491260E: strdup (strdup.c:42)
==14263==    by 0x10A436: tokenCtor(char const*) (in /home/timasok/progs/free_lang/free_lang)
==14263==    by 0x10A756: programTokensCtor(char const*, Program_tokens*) (in /home/timasok/progs/free_lang/free_lang)
==14263==    by 0x1097DA: translateLanguage(char const*, char const*) (in /home/timasok/progs/free_lang/free_lang)
==14263==    by 0x109658: main (in /home/timasok/progs/free_lang/free_lang)
==14263== 
==14263== Invalid read of size 1
==14263==    at 0x48534D6: mempcpy (in /usr/libexec/valgrind/vgpreload_memcheck-amd64-linux.so)
==14263==    by 0x48F56E4: _IO_new_file_xsputn (fileops.c:1235)
==14263==    by 0x48F56E4: _IO_file_xsputn@@GLIBC_2.2.5 (fileops.c:1196)
==14263==    by 0x48E108B: outstring_func (vfprintf-internal.c:239)
==14263==    by 0x48E108B: __vfprintf_internal (vfprintf-internal.c:1517)
==14263==    by 0x48CA81E: printf (printf.c:33)
==14263==    by 0x10D24B: printIn(Node const*) (in /home/timasok/progs/free_lang/free_lang)
==14263==    by 0x10D1DC: printIn(Node const*) (in /home/timasok/progs/free_lang/free_lang)
==14263==    by 0x109838: translateLanguage(char const*, char const*) (in /home/timasok/progs/free_lang/free_lang)
==14263==    by 0x109658: main (in /home/timasok/progs/free_lang/free_lang)
==14263==  Address 0x4a99b10 is 0 bytes inside a block of size 4 free'd
==14263==    at 0x484B27F: free (in /usr/libexec/valgrind/vgpreload_memcheck-amd64-linux.so)
==14263==    by 0x10C128: varDtor(Var_t) (in /home/timasok/progs/free_lang/free_lang)
==14263==    by 0x10A489: tokenDtor(Token*) (in /home/timasok/progs/free_lang/free_lang)
==14263==    by 0x10AB50: programTokensDtor(Program_tokens*) (in /home/timasok/progs/free_lang/free_lang)
==14263==    by 0x109802: translateLanguage(char const*, char const*) (in /home/timasok/progs/free_lang/free_lang)
==14263==    by 0x109658: main (in /home/timasok/progs/free_lang/free_lang)
==14263==  Block was alloc'd at
==14263==    at 0x4848899: malloc (in /usr/libexec/valgrind/vgpreload_memcheck-amd64-linux.so)
==14263==    by 0x491260E: strdup (strdup.c:42)
==14263==    by 0x10A436: tokenCtor(char const*) (in /home/timasok/progs/free_lang/free_lang)
==14263==    by 0x10A756: programTokensCtor(char const*, Program_tokens*) (in /home/timasok/progs/free_lang/free_lang)
==14263==    by 0x1097DA: translateLanguage(char const*, char const*) (in /home/timasok/progs/free_lang/free_lang)
==14263==    by 0x109658: main (in /home/timasok/progs/free_lang/free_lang)
==14263== 
==14263== Invalid read of size 1
==14263==    at 0x484ED16: strlen (in /usr/libexec/valgrind/vgpreload_memcheck-amd64-linux.so)
==14263==    by 0x48E0DB0: __vfprintf_internal (vfprintf-internal.c:1517)
==14263==    by 0x48CA749: fprintf (fprintf.c:32)
==14263==    by 0x109B88: writeProgramTree(Node*, _IO_FILE*) (in /home/timasok/progs/free_lang/free_lang)
==14263==    by 0x109928: writeProgramTree(Node*, _IO_FILE*) (in /home/timasok/progs/free_lang/free_lang)
==14263==    by 0x10987D: translateLanguage(char const*, char const*) (in /home/timasok/progs/free_lang/free_lang)
==14263==    by 0x109658: main (in /home/timasok/progs/free_lang/free_lang)
==14263==  Address 0x4a99b10 is 0 bytes inside a block of size 4 free'd
==14263==    at 0x484B27F: free (in /usr/libexec/valgrind/vgpreload_memcheck-amd64-linux.so)
==14263==    by 0x10C128: varDtor(Var_t) (in /home/timasok/progs/free_lang/free_lang)
==14263==    by 0x10A489: tokenDtor(Token*) (in /home/timasok/progs/free_lang/free_lang)
==14263==    by 0x10AB50: programTokensDtor(Program_tokens*) (in /home/timasok/progs/free_lang/free_lang)
==14263==    by 0x109802: translateLanguage(char const*, char const*) (in /home/timasok/progs/free_lang/free_lang)
==14263==    by 0x109658: main (in /home/timasok/progs/free_lang/free_lang)
==14263==  Block was alloc'd at
==14263==    at 0x4848899: malloc (in /usr/libexec/valgrind/vgpreload_memcheck-amd64-linux.so)
==14263==    by 0x491260E: strdup (strdup.c:42)
==14263==    by 0x10A436: tokenCtor(char const*) (in /home/timasok/progs/free_lang/free_lang)
==14263==    by 0x10A756: programTokensCtor(char const*, Program_tokens*) (in /home/timasok/progs/free_lang/free_lang)
==14263==    by 0x1097DA: translateLanguage(char const*, char const*) (in /home/timasok/progs/free_lang/free_lang)
==14263==    by 0x109658: main (in /home/timasok/progs/free_lang/free_lang)
==14263== 
==14263== Invalid read of size 1
==14263==    at 0x484ED24: strlen (in /usr/libexec/valgrind/vgpreload_memcheck-amd64-linux.so)
==14263==    by 0x48E0DB0: __vfprintf_internal (vfprintf-internal.c:1517)
==14263==    by 0x48CA749: fprintf (fprintf.c:32)
==14263==    by 0x109B88: writeProgramTree(Node*, _IO_FILE*) (in /home/timasok/progs/free_lang/free_lang)
==14263==    by 0x109928: writeProgramTree(Node*, _IO_FILE*) (in /home/timasok/progs/free_lang/free_lang)
==14263==    by 0x10987D: translateLanguage(char const*, char const*) (in /home/timasok/progs/free_lang/free_lang)
==14263==    by 0x109658: main (in /home/timasok/progs/free_lang/free_lang)
==14263==  Address 0x4a99b11 is 1 bytes inside a block of size 4 free'd
==14263==    at 0x484B27F: free (in /usr/libexec/valgrind/vgpreload_memcheck-amd64-linux.so)
==14263==    by 0x10C128: varDtor(Var_t) (in /home/timasok/progs/free_lang/free_lang)
==14263==    by 0x10A489: tokenDtor(Token*) (in /home/timasok/progs/free_lang/free_lang)
==14263==    by 0x10AB50: programTokensDtor(Program_tokens*) (in /home/timasok/progs/free_lang/free_lang)
==14263==    by 0x109802: translateLanguage(char const*, char const*) (in /home/timasok/progs/free_lang/free_lang)
==14263==    by 0x109658: main (in /home/timasok/progs/free_lang/free_lang)
==14263==  Block was alloc'd at
==14263==    at 0x4848899: malloc (in /usr/libexec/valgrind/vgpreload_memcheck-amd64-linux.so)
==14263==    by 0x491260E: strdup (strdup.c:42)
==14263==    by 0x10A436: tokenCtor(char const*) (in /home/timasok/progs/free_lang/free_lang)
==14263==    by 0x10A756: programTokensCtor(char const*, Program_tokens*) (in /home/timasok/progs/free_lang/free_lang)
==14263==    by 0x1097DA: translateLanguage(char const*, char const*) (in /home/timasok/progs/free_lang/free_lang)
==14263==    by 0x109658: main (in /home/timasok/progs/free_lang/free_lang)
==14263== 
==14263== Invalid read of size 1
==14263==    at 0x48534C8: mempcpy (in /usr/libexec/valgrind/vgpreload_memcheck-amd64-linux.so)
==14263==    by 0x48F56E4: _IO_new_file_xsputn (fileops.c:1235)
==14263==    by 0x48F56E4: _IO_file_xsputn@@GLIBC_2.2.5 (fileops.c:1196)
==14263==    by 0x48E108B: outstring_func (vfprintf-internal.c:239)
==14263==    by 0x48E108B: __vfprintf_internal (vfprintf-internal.c:1517)
==14263==    by 0x48CA749: fprintf (fprintf.c:32)
==14263==    by 0x109B88: writeProgramTree(Node*, _IO_FILE*) (in /home/timasok/progs/free_lang/free_lang)
==14263==    by 0x109928: writeProgramTree(Node*, _IO_FILE*) (in /home/timasok/progs/free_lang/free_lang)
==14263==    by 0x10987D: translateLanguage(char const*, char const*) (in /home/timasok/progs/free_lang/free_lang)
==14263==    by 0x109658: main (in /home/timasok/progs/free_lang/free_lang)
==14263==  Address 0x4a99b12 is 2 bytes inside a block of size 4 free'd
==14263==    at 0x484B27F: free (in /usr/libexec/valgrind/vgpreload_memcheck-amd64-linux.so)
==14263==    by 0x10C128: varDtor(Var_t) (in /home/timasok/progs/free_lang/free_lang)
==14263==    by 0x10A489: tokenDtor(Token*) (in /home/timasok/progs/free_lang/free_lang)
==14263==    by 0x10AB50: programTokensDtor(Program_tokens*) (in /home/timasok/progs/free_lang/free_lang)
==14263==    by 0x109802: translateLanguage(char const*, char const*) (in /home/timasok/progs/free_lang/free_lang)
==14263==    by 0x109658: main (in /home/timasok/progs/free_lang/free_lang)
==14263==  Block was alloc'd at
==14263==    at 0x4848899: malloc (in /usr/libexec/valgrind/vgpreload_memcheck-amd64-linux.so)
==14263==    by 0x491260E: strdup (strdup.c:42)
==14263==    by 0x10A436: tokenCtor(char const*) (in /home/timasok/progs/free_lang/free_lang)
==14263==    by 0x10A756: programTokensCtor(char const*, Program_tokens*) (in /home/timasok/progs/free_lang/free_lang)
==14263==    by 0x1097DA: translateLanguage(char const*, char const*) (in /home/timasok/progs/free_lang/free_lang)
==14263==    by 0x109658: main (in /home/timasok/progs/free_lang/free_lang)
==14263== 
==14263== Invalid read of size 1
==14263==    at 0x48534D6: mempcpy (in /usr/libexec/valgrind/vgpreload_memcheck-amd64-linux.so)
==14263==    by 0x48F56E4: _IO_new_file_xsputn (fileops.c:1235)
==14263==    by 0x48F56E4: _IO_file_xsputn@@GLIBC_2.2.5 (fileops.c:1196)
==14263==    by 0x48E108B: outstring_func (vfprintf-internal.c:239)
==14263==    by 0x48E108B: __vfprintf_internal (vfprintf-internal.c:1517)
==14263==    by 0x48CA749: fprintf (fprintf.c:32)
==14263==    by 0x109B88: writeProgramTree(Node*, _IO_FILE*) (in /home/timasok/progs/free_lang/free_lang)
==14263==    by 0x109928: writeProgramTree(Node*, _IO_FILE*) (in /home/timasok/progs/free_lang/free_lang)
==14263==    by 0x10987D: translateLanguage(char const*, char const*) (in /home/timasok/progs/free_lang/free_lang)
==14263==    by 0x109658: main (in /home/timasok/progs/free_lang/free_lang)
==14263==  Address 0x4a99b10 is 0 bytes inside a block of size 4 free'd
==14263==    at 0x484B27F: free (in /usr/libexec/valgrind/vgpreload_memcheck-amd64-linux.so)
==14263==    by 0x10C128: varDtor(Var_t) (in /home/timasok/progs/free_lang/free_lang)
==14263==    by 0x10A489: tokenDtor(Token*) (in /home/timasok/progs/free_lang/free_lang)
==14263==    by 0x10AB50: programTokensDtor(Program_tokens*) (in /home/timasok/progs/free_lang/free_lang)
==14263==    by 0x109802: translateLanguage(char const*, char const*) (in /home/timasok/progs/free_lang/free_lang)
==14263==    by 0x109658: main (in /home/timasok/progs/free_lang/free_lang)
==14263==  Block was alloc'd at
==14263==    at 0x4848899: malloc (in /usr/libexec/valgrind/vgpreload_memcheck-amd64-linux.so)
==14263==    by 0x491260E: strdup (strdup.c:42)
==14263==    by 0x10A436: tokenCtor(char const*) (in /home/timasok/progs/free_lang/free_lang)
==14263==    by 0x10A756: programTokensCtor(char const*, Program_tokens*) (in /home/timasok/progs/free_lang/free_lang)
==14263==    by 0x1097DA: translateLanguage(char const*, char const*) (in /home/timasok/progs/free_lang/free_lang)
==14263==    by 0x109658: main (in /home/timasok/progs/free_lang/free_lang)
==14263== 
==14263== Invalid free() / delete / delete[] / realloc()
==14263==    at 0x484B27F: free (in /usr/libexec/valgrind/vgpreload_memcheck-amd64-linux.so)
==14263==    by 0x10D354: nodeDtor(Node*) (in /home/timasok/progs/free_lang/free_lang)
==14263==    by 0x10D382: nodeDtor(Node*) (in /home/timasok/progs/free_lang/free_lang)
==14263==    by 0x10D3B8: nodeDtor(Node**) (in /home/timasok/progs/free_lang/free_lang)
==14263==    by 0x1098BA: translateLanguage(char const*, char const*) (in /home/timasok/progs/free_lang/free_lang)
==14263==    by 0x109658: main (in /home/timasok/progs/free_lang/free_lang)
==14263==  Address 0x4a99b10 is 0 bytes inside a block of size 4 free'd
==14263==    at 0x484B27F: free (in /usr/libexec/valgrind/vgpreload_memcheck-amd64-linux.so)
==14263==    by 0x10C128: varDtor(Var_t) (in /home/timasok/progs/free_lang/free_lang)
==14263==    by 0x10A489: tokenDtor(Token*) (in /home/timasok/progs/free_lang/free_lang)
==14263==    by 0x10AB50: programTokensDtor(Program_tokens*) (in /home/timasok/progs/free_lang/free_lang)
==14263==    by 0x109802: translateLanguage(char const*, char const*) (in /home/timasok/progs/free_lang/free_lang)
==14263==    by 0x109658: main (in /home/timasok/progs/free_lang/free_lang)
==14263==  Block was alloc'd at
==14263==    at 0x4848899: malloc (in /usr/libexec/valgrind/vgpreload_memcheck-amd64-linux.so)
==14263==    by 0x491260E: strdup (strdup.c:42)
==14263==    by 0x10A436: tokenCtor(char const*) (in /home/timasok/progs/free_lang/free_lang)
==14263==    by 0x10A756: programTokensCtor(char const*, Program_tokens*) (in /home/timasok/progs/free_lang/free_lang)
==14263==    by 0x1097DA: translateLanguage(char const*, char const*) (in /home/timasok/progs/free_lang/free_lang)
==14263==    by 0x109658: main (in /home/timasok/progs/free_lang/free_lang)
==14263== 
==14263== 
==14263== HEAP SUMMARY:
==14263==     in use at exit: 4,096 bytes in 1 blocks
==14263==   total heap usage: 24 allocs, 24 frees, 32,779 bytes allocated
==14263== 
==14263== 4,096 bytes in 1 blocks are definitely lost in loss record 1 of 1
==14263==    at 0x484DA83: calloc (in /usr/libexec/valgrind/vgpreload_memcheck-amd64-linux.so)
==14263==    by 0x10A4FB: programTokensCtor(char const*, Program_tokens*) (in /home/timasok/progs/free_lang/free_lang)
==14263==    by 0x1097DA: translateLanguage(char const*, char const*) (in /home/timasok/progs/free_lang/free_lang)
==14263==    by 0x109658: main (in /home/timasok/progs/free_lang/free_lang)
==14263== 
==14263== LEAK SUMMARY:
==14263==    definitely lost: 4,096 bytes in 1 blocks
==14263==    indirectly lost: 0 bytes in 0 blocks
==14263==      possibly lost: 0 bytes in 0 blocks
==14263==    still reachable: 0 bytes in 0 blocks
==14263==         suppressed: 0 bytes in 0 blocks
==14263== 
==14263== For lists of detected and suppressed errors, rerun with: -s
==14263== ERROR SUMMARY: 26 errors from 15 contexts (suppressed: 0 from 0)
